1631821434544	geckodriver	INFO	Listening on 127.0.0.1:52163
1631821437623	mozrunner::runner	INFO	Running command: "C:\\Program Files\\Mozilla Firefox\\firefox.exe" "--marionette" "-no-remote" "-profile" "C:\\Users\\lucas\\AppData\\Local\\Temp\\rust_mozprofileGEgUhY"
1631821441854	Marionette	INFO	Marionette enabled
console.warn: SearchSettings: "get: No settings file exists, new profile?" (new NotFoundError("Could not open the file at C:\\Users\\lucas\\AppData\\Local\\Temp\\rust_mozprofileGEgUhY\\search.json.mozlz4", (void 0)))
1631821461328	Marionette	INFO	Listening on port 52171
1631821461621	RemoteAgent	WARN	TLS certificate errors will be ignored for this session
1631821476338	Marionette	INFO	Stopped listening on port 52171
JavaScript error: resource://gre/modules/AsyncShutdown.jsm, line 575: NotFoundError: No such JSWindowActor 'MarionetteEvents'
JavaScript error: resource://gre/modules/AsyncShutdown.jsm, line 575: NotFoundError: No such JSWindowActor 'MarionetteEvents'
JavaScript error: resource:///modules/Interactions.jsm, line 230: NS_ERROR_FAILURE: Component returned failure code: 0x80004005 (NS_ERROR_FAILURE) [nsIUserIdleService.removeIdleObserver]
[Parent 116120, IPC I/O Parent] WARNING: file /builds/worker/checkouts/gecko/ipc/chromium/src/base/process_util_win.cc:167

###!!! [Parent][RunMessage] Error: Channel closing: too late to send/recv, messages will be lost

1631821624012	geckodriver	INFO	Listening on 127.0.0.1:54349
1631821626988	mozrunner::runner	INFO	Running command: "C:\\Program Files\\Mozilla Firefox\\firefox.exe" "--marionette" "-no-remote" "-profile" "C:\\Users\\lucas\\AppData\\Local\\Temp\\rust_mozprofileiTKCWf"
1631821634035	Marionette	INFO	Marionette enabled
console.warn: SearchSettings: "get: No settings file exists, new profile?" (new NotFoundError("Could not open the file at C:\\Users\\lucas\\AppData\\Local\\Temp\\rust_mozprofileiTKCWf\\search.json.mozlz4", (void 0)))
1631821645990	Marionette	INFO	Listening on port 54357
1631821646425	RemoteAgent	WARN	TLS certificate errors will be ignored for this session
1631821654185	Marionette	INFO	Stopped listening on port 54357
JavaScript error: resource:///modules/Interactions.jsm, line 230: NS_ERROR_FAILURE: Component returned failure code: 0x80004005 (NS_ERROR_FAILURE) [nsIUserIdleService.removeIdleObserver]
JavaScript error: resource:///modules/FaviconLoader.jsm, line 596: InvalidStateError: JSWindowActorChild.sendAsyncMessage: JSWindowActorChild cannot send at the moment
JavaScript error: resource:///modules/FaviconLoader.jsm, line 596: InvalidStateError: JSWindowActorChild.sendAsyncMessage: JSWindowActorChild cannot send at the moment
JavaScript error: resource://gre/modules/UrlClassifierListManager.jsm, line 691: TypeError: this.tablesData[table] is undefined

###!!! [Child][MessageChannel] Error: (msgtype=0x590008,name=PHttpChannel::Msg_DeletingChannel) Channel closing: too late to send/recv, messages will be lost


###!!! [Child][MessageChannel] Error: (msgtype=0x590008,name=PHttpChannel::Msg_DeletingChannel) Channel closing: too late to send/recv, messages will be lost


###!!! [Child][MessageChannel] Error: (msgtype=0x590008,name=PHttpChannel::Msg_DeletingChannel) Channel closing: too late to send/recv, messages will be lost


###!!! [Child][MessageChannel] Error: (msgtype=0x590008,name=PHttpChannel::Msg_DeletingChannel) Channel closing: too late to send/recv, messages will be lost


###!!! [Child][MessageChannel] Error: (msgtype=0x590008,name=PHttpChannel::Msg_DeletingChannel) Channel closing: too late to send/recv, messages will be lost


###!!! [Child][MessageChannel] Error: (msgtype=0x590008,name=PHttpChannel::Msg_DeletingChannel) Channel closing: too late to send/recv, messages will be lost


###!!! [Child][MessageChannel] Error: (msgtype=0x590008,name=PHttpChannel::Msg_DeletingChannel) Channel closing: too late to send/recv, messages will be lost


###!!! [Child][MessageChannel] Error: (msgtype=0x590008,name=PHttpChannel::Msg_DeletingChannel) Channel closing: too late to send/recv, messages will be lost


###!!! [Child][MessageChannel] Error: (msgtype=0x590008,name=PHttpChannel::Msg_DeletingChannel) Channel closing: too late to send/recv, messages will be lost


###!!! [Child][MessageChannel] Error: (msgtype=0x590008,name=PHttpChannel::Msg_DeletingChannel) Channel closing: too late to send/recv, messages will be lost


###!!! [Child][MessageChannel] Error: (msgtype=0x590008,name=PHttpChannel::Msg_DeletingChannel) Channel closing: too late to send/recv, messages will be lost


###!!! [Child][MessageChannel] Error: (msgtype=0x590008,name=PHttpChannel::Msg_DeletingChannel) Channel closing: too late to send/recv, messages will be lost


###!!! [Child][MessageChannel] Error: (msgtype=0x590008,name=PHttpChannel::Msg_DeletingChannel) Channel closing: too late to send/recv, messages will be lost


###!!! [Child][MessageChannel] Error: (msgtype=0x590008,name=PHttpChannel::Msg_DeletingChannel) Channel closing: too late to send/recv, messages will be lost


###!!! [Child][MessageChannel] Error: (msgtype=0x590008,name=PHttpChannel::Msg_DeletingChannel) Channel closing: too late to send/recv, messages will be lost


###!!! [Child][RunMessage] Error: Channel closing: too late to send/recv, messages will be lost


###!!! [Child][RunMessage] Error: Channel closing: too late to send/recv, messages will be lost


###!!! [Child][RunMessage] Error: Channel closing: too late to send/recv, messages will be lost


###!!! [Child][RunMessage] Error: Channel closing: too late to send/recv, messages will be lost


###!!! [Child][RunMessage] Error: Channel closing: too late to send/recv, messages will be lost


###!!! [Child][RunMessage] Error: Channel closing: too late to send/recv, messages will be lost


###!!! [Child][RunMessage] Error: Channel closing: too late to send/recv, messages will be lost


###!!! [Child][RunMessage] Error: Channel closing: too late to send/recv, messages will be lost


###!!! [Child][RunMessage] Error: Channel closing: too late to send/recv, messages will be lost


###!!! [Child][RunMessage] Error: Channel closing: too late to send/recv, messages will be lost


###!!! [Child][RunMessage] Error: Channel closing: too late to send/recv, messages will be lost


###!!! [Child][MessageChannel] Error: (msgtype=0x590008,name=PHttpChannel::Msg_DeletingChannel) Channel closing: too late to send/recv, messages will be lost


###!!! [Child][MessageChannel] Error: (msgtype=0x590008,name=PHttpChannel::Msg_DeletingChannel) Channel closing: too late to send/recv, messages will be lost


###!!! [Child][RunMessage] Error: Channel closing: too late to send/recv, messages will be lost


###!!! [Child][RunMessage] Error: Channel closing: too late to send/recv, messages will be lost


###!!! [Child][RunMessage] Error: Channel closing: too late to send/recv, messages will be lost


###!!! [Child][RunMessage] Error: Channel closing: too late to send/recv, messages will be lost


###!!! [Child][MessageChannel] Error: (msgtype=0x690023,name=PNecko::Msg_RemoveRequestContext) Closed channel: cannot send/recv


###!!! [Child][MessageChannel] Error: (msgtype=0x690023,name=PNecko::Msg_RemoveRequestContext) Closed channel: cannot send/recv


###!!! [Child][MessageChannel] Error: (msgtype=0x690023,name=PNecko::Msg_RemoveRequestContext) Closed channel: cannot send/recv

1631822049930	geckodriver	INFO	Listening on 127.0.0.1:50210
1631822053023	mozrunner::runner	INFO	Running command: "C:\\Program Files\\Mozilla Firefox\\firefox.exe" "--marionette" "-no-remote" "-profile" "C:\\Users\\lucas\\AppData\\Local\\Temp\\rust_mozprofileqbjmJt"
1631822054257	Marionette	INFO	Marionette enabled
console.warn: SearchSettings: "get: No settings file exists, new profile?" (new NotFoundError("Could not open the file at C:\\Users\\lucas\\AppData\\Local\\Temp\\rust_mozprofileqbjmJt\\search.json.mozlz4", (void 0)))
1631822069014	Marionette	INFO	Listening on port 50218
1631822069386	RemoteAgent	WARN	TLS certificate errors will be ignored for this session
JavaScript error: https://i.cdn.turner.com/ads/adfuel/ais/2.1/nba3-ais.min.js, line 7: TypeError: can't convert undefined to object
1631822208872	Marionette	INFO	Stopped listening on port 50218
JavaScript error: resource:///modules/Interactions.jsm, line 230: NS_ERROR_FAILURE: Component returned failure code: 0x80004005 (NS_ERROR_FAILURE) [nsIUserIdleService.removeIdleObserver]

###!!! [Parent][MessageChannel] Error: (msgtype=0x140007,name=PBackgroundLSDatabase::Msg_RequestAllowToClose) Channel error: cannot send/recv


###!!! [Parent][MessageChannel] Error: (msgtype=0x58000D,name=PHttpBackgroundChannel::Msg___delete__) Channel error: cannot send/recv


###!!! [Parent][MessageChannel] Error: (msgtype=0x58000D,name=PHttpBackgroundChannel::Msg___delete__) Channel error: cannot send/recv


###!!! [Parent][MessageChannel] Error: (msgtype=0x58000D,name=PHttpBackgroundChannel::Msg___delete__) Channel error: cannot send/recv

1631822248735	geckodriver	INFO	Listening on 127.0.0.1:53023
1631822251385	mozrunner::runner	INFO	Running command: "C:\\Program Files\\Mozilla Firefox\\firefox.exe" "--marionette" "-no-remote" "-profile" "C:\\Users\\lucas\\AppData\\Local\\Temp\\rust_mozprofilerBLbSZ"
1631822254478	Marionette	INFO	Marionette enabled
console.warn: SearchSettings: "get: No settings file exists, new profile?" (new NotFoundError("Could not open the file at C:\\Users\\lucas\\AppData\\Local\\Temp\\rust_mozprofilerBLbSZ\\search.json.mozlz4", (void 0)))
1631822262331	Marionette	INFO	Listening on port 53031
1631822262678	RemoteAgent	WARN	TLS certificate errors will be ignored for this session
JavaScript error: https://i.cdn.turner.com/ads/adfuel/ais/2.1/nba3-ais.min.js, line 7: TypeError: can't convert undefined to object
JavaScript error: https://i.cdn.turner.com/ads/adfuel/ais/2.1/nba3-ais.min.js, line 7: TypeError: can't convert undefined to object
1631822308516	Marionette	INFO	Stopped listening on port 53031
JavaScript error: resource:///modules/Interactions.jsm, line 230: NS_ERROR_FAILURE: Component returned failure code: 0x80004005 (NS_ERROR_FAILURE) [nsIUserIdleService.removeIdleObserver]

###!!! [Child][RunMessage] Error: Channel closing: too late to send/recv, messages will be lost


###!!! [Parent][RunMessage] Error: Channel closing: too late to send/recv, messages will be lost

1631822325708	geckodriver	INFO	Listening on 127.0.0.1:53224
1631822328318	mozrunner::runner	INFO	Running command: "C:\\Program Files\\Mozilla Firefox\\firefox.exe" "--marionette" "-no-remote" "-profile" "C:\\Users\\lucas\\AppData\\Local\\Temp\\rust_mozprofileE7HkE0"
1631822329028	Marionette	INFO	Marionette enabled
console.warn: SearchSettings: "get: No settings file exists, new profile?" (new NotFoundError("Could not open the file at C:\\Users\\lucas\\AppData\\Local\\Temp\\rust_mozprofileE7HkE0\\search.json.mozlz4", (void 0)))
1631822333058	Marionette	INFO	Listening on port 53232
1631822333638	RemoteAgent	WARN	TLS certificate errors will be ignored for this session
JavaScript error: https://i.cdn.turner.com/ads/adfuel/ais/2.1/nba3-ais.min.js, line 7: TypeError: can't convert undefined to object
JavaScript error: https://i.cdn.turner.com/ads/adfuel/ais/2.1/nba3-ais.min.js, line 7: TypeError: can't convert undefined to object
1631822492416	Marionette	INFO	Stopped listening on port 53232
JavaScript error: resource:///modules/Interactions.jsm, line 230: NS_ERROR_FAILURE: Component returned failure code: 0x80004005 (NS_ERROR_FAILURE) [nsIUserIdleService.removeIdleObserver]
1631822519788	geckodriver	INFO	Listening on 127.0.0.1:49865
1631822522504	mozrunner::runner	INFO	Running command: "C:\\Program Files\\Mozilla Firefox\\firefox.exe" "--marionette" "-no-remote" "-profile" "C:\\Users\\lucas\\AppData\\Local\\Temp\\rust_mozprofileLe63AW"
1631822523341	Marionette	INFO	Marionette enabled
console.warn: SearchSettings: "get: No settings file exists, new profile?" (new NotFoundError("Could not open the file at C:\\Users\\lucas\\AppData\\Local\\Temp\\rust_mozprofileLe63AW\\search.json.mozlz4", (void 0)))
1631822527399	Marionette	INFO	Listening on port 49873
1631822528005	RemoteAgent	WARN	TLS certificate errors will be ignored for this session
JavaScript error: https://i.cdn.turner.com/ads/adfuel/ais/2.1/nba3-ais.min.js, line 7: TypeError: can't convert undefined to object
JavaScript error: https://i.cdn.turner.com/ads/adfuel/ais/2.1/nba3-ais.min.js, line 7: TypeError: can't convert undefined to object
1631822545357	Marionette	WARN	TimedPromise timed out after 500 ms: stacktrace:
TimedPromise/<@chrome://remote/content/marionette/sync.js:238:19
TimedPromise@chrome://remote/content/marionette/sync.js:223:10
interaction.flushEventLoop@chrome://remote/content/marionette/interaction.js:431:10
webdriverClickElement@chrome://remote/content/marionette/interaction.js:179:31
1631822545579	Marionette	INFO	Stopped listening on port 49873
JavaScript error: resource:///modules/Interactions.jsm, line 230: NS_ERROR_FAILURE: Component returned failure code: 0x80004005 (NS_ERROR_FAILURE) [nsIUserIdleService.removeIdleObserver]
1631822842456	geckodriver	INFO	Listening on 127.0.0.1:58913
1631822845338	mozrunner::runner	INFO	Running command: "C:\\Program Files\\Mozilla Firefox\\firefox.exe" "--marionette" "-no-remote" "-profile" "C:\\Users\\lucas\\AppData\\Local\\Temp\\rust_mozprofileSthqzs"
1631822846494	Marionette	INFO	Marionette enabled
console.warn: SearchSettings: "get: No settings file exists, new profile?" (new NotFoundError("Could not open the file at C:\\Users\\lucas\\AppData\\Local\\Temp\\rust_mozprofileSthqzs\\search.json.mozlz4", (void 0)))
1631822850665	Marionette	INFO	Listening on port 58921
1631822851194	RemoteAgent	WARN	TLS certificate errors will be ignored for this session
JavaScript error: https://i.cdn.turner.com/ads/adfuel/ais/2.1/nba3-ais.min.js, line 7: TypeError: can't convert undefined to object
JavaScript error: https://i.cdn.turner.com/ads/adfuel/ais/2.1/nba3-ais.min.js, line 7: TypeError: can't convert undefined to object
1631822869279	Marionette	INFO	Stopped listening on port 58921
JavaScript error: resource:///modules/Interactions.jsm, line 230: NS_ERROR_FAILURE: Component returned failure code: 0x80004005 (NS_ERROR_FAILURE) [nsIUserIdleService.removeIdleObserver]

###!!! [Child][MessageChannel] Error: (msgtype=0x690023,name=PNecko::Msg_RemoveRequestContext) Channel closing: too late to send/recv, messages will be lost


###!!! [Parent][RunMessage] Error: Channel closing: too late to send/recv, messages will be lost

1631823225249	geckodriver	INFO	Listening on 127.0.0.1:55509
1631823228127	mozrunner::runner	INFO	Running command: "C:\\Program Files\\Mozilla Firefox\\firefox.exe" "--marionette" "-no-remote" "-profile" "C:\\Users\\lucas\\AppData\\Local\\Temp\\rust_mozprofileovhSWE"
1631823229653	Marionette	INFO	Marionette enabled
console.warn: SearchSettings: "get: No settings file exists, new profile?" (new NotFoundError("Could not open the file at C:\\Users\\lucas\\AppData\\Local\\Temp\\rust_mozprofileovhSWE\\search.json.mozlz4", (void 0)))
1631823233904	Marionette	INFO	Listening on port 55517
1631823234499	RemoteAgent	WARN	TLS certificate errors will be ignored for this session
JavaScript error: https://i.cdn.turner.com/ads/adfuel/ais/2.1/nba3-ais.min.js, line 7: TypeError: can't convert undefined to object
1631823251873	Marionette	WARN	TimedPromise timed out after 500 ms: stacktrace:
TimedPromise/<@chrome://remote/content/marionette/sync.js:238:19
TimedPromise@chrome://remote/content/marionette/sync.js:223:10
interaction.flushEventLoop@chrome://remote/content/marionette/interaction.js:431:10
webdriverClickElement@chrome://remote/content/marionette/interaction.js:179:31
1631823252284	Marionette	INFO	Stopped listening on port 55517
JavaScript error: resource:///modules/Interactions.jsm, line 230: NS_ERROR_FAILURE: Component returned failure code: 0x80004005 (NS_ERROR_FAILURE) [nsIUserIdleService.removeIdleObserver]

###!!! [Parent][RunMessage] Error: Channel closing: too late to send/recv, messages will be lost

1631823820726	geckodriver	INFO	Listening on 127.0.0.1:62545
1631823823677	mozrunner::runner	INFO	Running command: "C:\\Program Files\\Mozilla Firefox\\firefox.exe" "--marionette" "-no-remote" "-profile" "C:\\Users\\lucas\\AppData\\Local\\Temp\\rust_mozprofilexp0WXK"
1631823828000	Marionette	INFO	Marionette enabled
console.warn: SearchSettings: "get: No settings file exists, new profile?" (new NotFoundError("Could not open the file at C:\\Users\\lucas\\AppData\\Local\\Temp\\rust_mozprofilexp0WXK\\search.json.mozlz4", (void 0)))
1631824034836	geckodriver	INFO	Listening on 127.0.0.1:59336
1631824037637	mozrunner::runner	INFO	Running command: "C:\\Program Files\\Mozilla Firefox\\firefox.exe" "--marionette" "-no-remote" "-profile" "C:\\Users\\lucas\\AppData\\Local\\Temp\\rust_mozprofilekkvo8v"
1631824038853	Marionette	INFO	Marionette enabled
console.warn: SearchSettings: "get: No settings file exists, new profile?" (new NotFoundError("Could not open the file at C:\\Users\\lucas\\AppData\\Local\\Temp\\rust_mozprofilekkvo8v\\search.json.mozlz4", (void 0)))
1631824048128	Marionette	INFO	Listening on port 59346
Exiting due to channel error.
Listening on 127.0.0.1:64155
1631824123312	mozrunner::runner	INFO	Running command: "C:\\Program Files\\Mozilla Firefox\\firefox.exe" "--marionette" "-no-remote" "-profile" "C:\\Users\\lucas\\AppData\\Local\\Temp\\rust_mozprofileKOuOEw"
1631824126742	Marionette	INFO	Marionette enabled
console.warn: SearchSettings: "get: No settings file exists, new profile?" (new NotFoundError("Could not open the file at C:\\Users\\lucas\\AppData\\Local\\Temp\\rust_mozprofileKOuOEw\\search.json.mozlz4", (void 0)))
1631824134814	Marionette	INFO	Listening on port 51702
1631824135939	RemoteAgent	WARN	TLS certificate errors will be ignored for this session
1631824456804	geckodriver	INFO	Listening on 127.0.0.1:59190
1631824459504	mozrunner::runner	INFO	Running command: "C:\\Program Files\\Mozilla Firefox\\firefox.exe" "--marionette" "-no-remote" "-profile" "C:\\Users\\lucas\\AppData\\Local\\Temp\\rust_mozprofileATEW5G"
1631824461076	Marionette	INFO	Marionette enabled
console.warn: SearchSettings: "get: No settings file exists, new profile?" (new NotFoundError("Could not open the file at C:\\Users\\lucas\\AppData\\Local\\Temp\\rust_mozprofileATEW5G\\search.json.mozlz4", (void 0)))
1631824468739	Marionette	INFO	Listening on port 59198
1631824469158	RemoteAgent	WARN	TLS certificate errors will be ignored for this session
Exiting due to channel error.
1631827472166	geckodriver	INFO	Listening on 127.0.0.1:62723
1631827475248	mozrunner::runner	INFO	Running command: "C:\\Program Files\\Mozilla Firefox\\firefox.exe" "--marionette" "-no-remote" "-profile" "C:\\Users\\lucas\\AppData\\Local\\Temp\\rust_mozprofileO71Xv5"
1631827477743	Marionette	INFO	Marionette enabled
console.warn: SearchSettings: "get: No settings file exists, new profile?" (new NotFoundError("Could not open the file at C:\\Users\\lucas\\AppData\\Local\\Temp\\rust_mozprofileO71Xv5\\search.json.mozlz4", (void 0)))
1631827482558	Marionette	INFO	Listening on port 62731
1631827483385	RemoteAgent	WARN	TLS certificate errors will be ignored for this session
JavaScript error: https://i.cdn.turner.com/ads/adfuel/ais/2.1/nba3-ais.min.js, line 7: TypeError: can't convert undefined to object
1631827907589	Marionette	INFO	Stopped listening on port 62731
JavaScript error: resource:///modules/Interactions.jsm, line 230: NS_ERROR_FAILURE: Component returned failure code: 0x80004005 (NS_ERROR_FAILURE) [nsIUserIdleService.removeIdleObserver]

###!!! [Parent][RunMessage] Error: Channel closing: too late to send/recv, messages will be lost

1631827917786	geckodriver	INFO	Listening on 127.0.0.1:64934
1631827920809	mozrunner::runner	INFO	Running command: "C:\\Program Files\\Mozilla Firefox\\firefox.exe" "--marionette" "-no-remote" "-profile" "C:\\Users\\lucas\\AppData\\Local\\Temp\\rust_mozprofiley1JBSj"
1631827921471	Marionette	INFO	Marionette enabled
console.warn: SearchSettings: "get: No settings file exists, new profile?" (new NotFoundError("Could not open the file at C:\\Users\\lucas\\AppData\\Local\\Temp\\rust_mozprofiley1JBSj\\search.json.mozlz4", (void 0)))
1631827925499	Marionette	INFO	Listening on port 64943
1631827925796	RemoteAgent	WARN	TLS certificate errors will be ignored for this session
JavaScript error: https://i.cdn.turner.com/ads/adfuel/ais/2.1/nba3-ais.min.js, line 7: TypeError: can't convert undefined to object
JavaScript error: https://i.cdn.turner.com/ads/adfuel/ais/2.1/nba3-ais.min.js, line 7: TypeError: can't convert undefined to object
1631827946530	Marionette	INFO	Stopped listening on port 64943
JavaScript error: resource:///modules/Interactions.jsm, line 230: NS_ERROR_FAILURE: Component returned failure code: 0x80004005 (NS_ERROR_FAILURE) [nsIUserIdleService.removeIdleObserver]

###!!! [Parent][RunMessage] Error: Channel closing: too late to send/recv, messages will be lost

